04.10.2025 22:23:26 [VERBOSE] Profiler: End profiling function X
04.10.2025 22:23:27 [FATAL] App: FATAL shutdown main
java.lang.NullPointerException
	at PrinterTests.<clinit>(PrinterTests.kt:48)
	at com.cws.printer.sandbox.MainKt$main$1.invokeSuspend(Main.kt:10)
	at kotlin.coroutines.jvm.internal.BaseContinuationImpl.resumeWith(ContinuationImpl.kt:33)
	at kotlinx.coroutines.DispatchedTask.run(DispatchedTask.kt:100)
	at kotlinx.coroutines.EventLoopImplBase.processNextEvent(EventLoop.common.kt:263)
	at kotlinx.coroutines.BlockingCoroutine.joinBlocking(Builders.kt:94)
	at kotlinx.coroutines.BuildersKt__BuildersKt.runBlocking(Builders.kt:70)
	at kotlinx.coroutines.BuildersKt.runBlocking(Unknown Source)
	at kotlinx.coroutines.BuildersKt__BuildersKt.runBlocking$default(Builders.kt:48)
	at kotlinx.coroutines.BuildersKt.runBlocking$default(Unknown Source)
	at com.cws.printer.sandbox.MainKt.main(Main.kt:9)
	at com.cws.printer.sandbox.MainKt.main(Main.kt)
04.10.2025 22:23:28 [DEBUG] Network: Response received
04.10.2025 22:23:29 [FATAL] UI: FATAL on main
java.lang.IllegalStateException
	at PrinterTests.<clinit>(PrinterTests.kt:48)
	at com.cws.printer.sandbox.MainKt$main$1.invokeSuspend(Main.kt:10)
	at kotlin.coroutines.jvm.internal.BaseContinuationImpl.resumeWith(ContinuationImpl.kt:33)
	at kotlinx.coroutines.DispatchedTask.run(DispatchedTask.kt:100)
	at kotlinx.coroutines.EventLoopImplBase.processNextEvent(EventLoop.common.kt:263)
	at kotlinx.coroutines.BlockingCoroutine.joinBlocking(Builders.kt:94)
	at kotlinx.coroutines.BuildersKt__BuildersKt.runBlocking(Builders.kt:70)
	at kotlinx.coroutines.BuildersKt.runBlocking(Unknown Source)
	at kotlinx.coroutines.BuildersKt__BuildersKt.runBlocking$default(Builders.kt:48)
	at kotlinx.coroutines.BuildersKt.runBlocking$default(Unknown Source)
	at com.cws.printer.sandbox.MainKt.main(Main.kt:9)
	at com.cws.printer.sandbox.MainKt.main(Main.kt)
04.10.2025 22:23:30 [FATAL] Auth: FATAL shutdown main
java.lang.IllegalStateException
	at PrinterTests.<clinit>(PrinterTests.kt:48)
	at com.cws.printer.sandbox.MainKt$main$1.invokeSuspend(Main.kt:10)
	at kotlin.coroutines.jvm.internal.BaseContinuationImpl.resumeWith(ContinuationImpl.kt:33)
	at kotlinx.coroutines.DispatchedTask.run(DispatchedTask.kt:100)
	at kotlinx.coroutines.EventLoopImplBase.processNextEvent(EventLoop.common.kt:263)
	at kotlinx.coroutines.BlockingCoroutine.joinBlocking(Builders.kt:94)
	at kotlinx.coroutines.BuildersKt__BuildersKt.runBlocking(Builders.kt:70)
	at kotlinx.coroutines.BuildersKt.runBlocking(Unknown Source)
	at kotlinx.coroutines.BuildersKt__BuildersKt.runBlocking$default(Builders.kt:48)
	at kotlinx.coroutines.BuildersKt.runBlocking$default(Unknown Source)
	at com.cws.printer.sandbox.MainKt.main(Main.kt:9)
	at com.cws.printer.sandbox.MainKt.main(Main.kt)
04.10.2025 22:23:31 [VERBOSE] Profiler: Entering method Y04.10.2025 22:23:32 [INFO] Auth: Connected to database04.10.2025 22:23:33 [DEBUG] Cache: Checking credentials04.10.2025 22:23:34 [INFO] Database: Service initialized04.10.2025 22:23:35 [WARNING] UI: Deprecated API usage04.10.2025 22:23:36 [FATAL] UI: FATAL error happened
java.lang.IllegalArgumentException
	at PrinterTests.<clinit>(PrinterTests.kt:48)
	at com.cws.printer.sandbox.MainKt$main$1.invokeSuspend(Main.kt:10)
	at kotlin.coroutines.jvm.internal.BaseContinuationImpl.resumeWith(ContinuationImpl.kt:33)
	at kotlinx.coroutines.DispatchedTask.run(DispatchedTask.kt:100)
	at kotlinx.coroutines.EventLoopImplBase.processNextEvent(EventLoop.common.kt:263)
	at kotlinx.coroutines.BlockingCoroutine.joinBlocking(Builders.kt:94)
	at kotlinx.coroutines.BuildersKt__BuildersKt.runBlocking(Builders.kt:70)
	at kotlinx.coroutines.BuildersKt.runBlocking(Unknown Source)
	at kotlinx.coroutines.BuildersKt__BuildersKt.runBlocking$default(Builders.kt:48)
	at kotlinx.coroutines.BuildersKt.runBlocking$default(Unknown Source)
	at com.cws.printer.sandbox.MainKt.main(Main.kt:9)
	at com.cws.printer.sandbox.MainKt.main(Main.kt)
04.10.2025 22:23:37 [DEBUG] Profiler: Parsing JSON04.10.2025 22:23:38 [WARNING] Cache: Response slow04.10.2025 22:23:39 [DEBUG] App: Response received04.10.2025 22:23:40 [WARNING] Profiler: Deprecated API usage04.10.2025 22:23:41 [ERROR] App: Unhandled exception occurred04.10.2025 22:23:42 [FATAL] Network: FATAL shutdown main
java.lang.IndexOutOfBoundsException
	at PrinterTests.<clinit>(PrinterTests.kt:49)
	at com.cws.printer.sandbox.MainKt$main$1.invokeSuspend(Main.kt:10)
	at kotlin.coroutines.jvm.internal.BaseContinuationImpl.resumeWith(ContinuationImpl.kt:33)
	at kotlinx.coroutines.DispatchedTask.run(DispatchedTask.kt:100)
	at kotlinx.coroutines.EventLoopImplBase.processNextEvent(EventLoop.common.kt:263)
	at kotlinx.coroutines.BlockingCoroutine.joinBlocking(Builders.kt:94)
	at kotlinx.coroutines.BuildersKt__BuildersKt.runBlocking(Builders.kt:70)
	at kotlinx.coroutines.BuildersKt.runBlocking(Unknown Source)
	at kotlinx.coroutines.BuildersKt__BuildersKt.runBlocking$default(Builders.kt:48)
	at kotlinx.coroutines.BuildersKt.runBlocking$default(Unknown Source)
	at com.cws.printer.sandbox.MainKt.main(Main.kt:9)
	at com.cws.printer.sandbox.MainKt.main(Main.kt)
04.10.2025 22:23:43 [WARNING] Network: Deprecated API usage04.10.2025 22:23:44 [ERROR] Network: Network unreachable04.10.2025 22:25:17 [FATAL] Service: FATAL shutdown main
java.lang.NullPointerException
	at PrinterTests.<clinit>(PrinterTests.kt:48)
	at com.cws.printer.sandbox.MainKt$main$1.invokeSuspend(Main.kt:10)
	at kotlin.coroutines.jvm.internal.BaseContinuationImpl.resumeWith(ContinuationImpl.kt:33)
	at kotlinx.coroutines.DispatchedTask.run(DispatchedTask.kt:100)
	at kotlinx.coroutines.EventLoopImplBase.processNextEvent(EventLoop.common.kt:263)
	at kotlinx.coroutines.BlockingCoroutine.joinBlocking(Builders.kt:94)
	at kotlinx.coroutines.BuildersKt__BuildersKt.runBlocking(Builders.kt:70)
	at kotlinx.coroutines.BuildersKt.runBlocking(Unknown Source)
	at kotlinx.coroutines.BuildersKt__BuildersKt.runBlocking$default(Builders.kt:48)
	at kotlinx.coroutines.BuildersKt.runBlocking$default(Unknown Source)
	at com.cws.printer.sandbox.MainKt.main(Main.kt:9)
	at com.cws.printer.sandbox.MainKt.main(Main.kt)

04.10.2025 22:25:18 [DEBUG] Network: Cache hit for key
04.10.2025 22:25:19 [INFO] Auth: Application started
04.10.2025 22:25:20 [VERBOSE] Cache: Loop iteration finished
04.10.2025 22:25:21 [DEBUG] Profiler: Request headers: {Authorization=...}
04.10.2025 22:25:22 [INFO] Service: Connected to database
04.10.2025 22:25:23 [DEBUG] Database: Cache hit for key
04.10.2025 22:25:24 [WARNING] Network: Deprecated API usage
04.10.2025 22:32:11 [DEBUG] Database: Parsing JSON
04.10.2025 22:32:12 [WARNING] Network: Cache miss
04.10.2025 22:32:13 [FATAL] Database: FATAL on main
java.lang.IndexOutOfBoundsException
	at PrinterTests.<clinit>(PrinterTests.kt:49)
	at com.cws.printer.sandbox.MainKt$main$1.invokeSuspend(Main.kt:10)
	at kotlin.coroutines.jvm.internal.BaseContinuationImpl.resumeWith(ContinuationImpl.kt:33)
	at kotlinx.coroutines.DispatchedTask.run(DispatchedTask.kt:100)
	at kotlinx.coroutines.EventLoopImplBase.processNextEvent(EventLoop.common.kt:263)
	at kotlinx.coroutines.BlockingCoroutine.joinBlocking(Builders.kt:94)
	at kotlinx.coroutines.BuildersKt__BuildersKt.runBlocking(Builders.kt:70)
	at kotlinx.coroutines.BuildersKt.runBlocking(Unknown Source)
	at kotlinx.coroutines.BuildersKt__BuildersKt.runBlocking$default(Builders.kt:48)
	at kotlinx.coroutines.BuildersKt.runBlocking$default(Unknown Source)
	at com.cws.printer.sandbox.MainKt.main(Main.kt:9)
	at com.cws.printer.sandbox.MainKt.main(Main.kt)

04.10.2025 22:32:14 [DEBUG] App: Response received
04.10.2025 22:32:15 [ERROR] Auth: Unhandled exception occurred
04.10.2025 22:32:16 [DEBUG] Database: Checking credentials
04.10.2025 22:32:17 [FATAL] Profiler: FATAL error happened
java.lang.NullPointerException
	at PrinterTests.<clinit>(PrinterTests.kt:48)
	at com.cws.printer.sandbox.MainKt$main$1.invokeSuspend(Main.kt:10)
	at kotlin.coroutines.jvm.internal.BaseContinuationImpl.resumeWith(ContinuationImpl.kt:33)
	at kotlinx.coroutines.DispatchedTask.run(DispatchedTask.kt:100)
	at kotlinx.coroutines.EventLoopImplBase.processNextEvent(EventLoop.common.kt:263)
	at kotlinx.coroutines.BlockingCoroutine.joinBlocking(Builders.kt:94)
	at kotlinx.coroutines.BuildersKt__BuildersKt.runBlocking(Builders.kt:70)
	at kotlinx.coroutines.BuildersKt.runBlocking(Unknown Source)
	at kotlinx.coroutines.BuildersKt__BuildersKt.runBlocking$default(Builders.kt:48)
	at kotlinx.coroutines.BuildersKt.runBlocking$default(Unknown Source)
	at com.cws.printer.sandbox.MainKt.main(Main.kt:9)
	at com.cws.printer.sandbox.MainKt.main(Main.kt)

04.10.2025 22:32:18 [ERROR] Profiler: Database connection failed
04.10.2025 22:32:19 [INFO] App: Service initialized
04.10.2025 22:32:20 [FATAL] Cache: FATAL crash appeared
java.lang.NullPointerException
	at PrinterTests.<clinit>(PrinterTests.kt:48)
	at com.cws.printer.sandbox.MainKt$main$1.invokeSuspend(Main.kt:10)
	at kotlin.coroutines.jvm.internal.BaseContinuationImpl.resumeWith(ContinuationImpl.kt:33)
	at kotlinx.coroutines.DispatchedTask.run(DispatchedTask.kt:100)
	at kotlinx.coroutines.EventLoopImplBase.processNextEvent(EventLoop.common.kt:263)
	at kotlinx.coroutines.BlockingCoroutine.joinBlocking(Builders.kt:94)
	at kotlinx.coroutines.BuildersKt__BuildersKt.runBlocking(Builders.kt:70)
	at kotlinx.coroutines.BuildersKt.runBlocking(Unknown Source)
	at kotlinx.coroutines.BuildersKt__BuildersKt.runBlocking$default(Builders.kt:48)
	at kotlinx.coroutines.BuildersKt.runBlocking$default(Unknown Source)
	at com.cws.printer.sandbox.MainKt.main(Main.kt:9)
	at com.cws.printer.sandbox.MainKt.main(Main.kt)

04.10.2025 22:32:21 [VERBOSE] UI: Exiting method Y
04.10.2025 22:32:22 [VERBOSE] Service: Entering method Y
04.10.2025 22:32:23 [WARNING] Database: Response slow
04.10.2025 22:32:24 [FATAL] Profiler: FATAL terminating process
java.lang.IndexOutOfBoundsException
	at PrinterTests.<clinit>(PrinterTests.kt:49)
	at com.cws.printer.sandbox.MainKt$main$1.invokeSuspend(Main.kt:10)
	at kotlin.coroutines.jvm.internal.BaseContinuationImpl.resumeWith(ContinuationImpl.kt:33)
	at kotlinx.coroutines.DispatchedTask.run(DispatchedTask.kt:100)
	at kotlinx.coroutines.EventLoopImplBase.processNextEvent(EventLoop.common.kt:263)
	at kotlinx.coroutines.BlockingCoroutine.joinBlocking(Builders.kt:94)
	at kotlinx.coroutines.BuildersKt__BuildersKt.runBlocking(Builders.kt:70)
	at kotlinx.coroutines.BuildersKt.runBlocking(Unknown Source)
	at kotlinx.coroutines.BuildersKt__BuildersKt.runBlocking$default(Builders.kt:48)
	at kotlinx.coroutines.BuildersKt.runBlocking$default(Unknown Source)
	at com.cws.printer.sandbox.MainKt.main(Main.kt:9)
	at com.cws.printer.sandbox.MainKt.main(Main.kt)

04.10.2025 22:32:25 [INFO] Cache: Background task finished
04.10.2025 22:32:39 [DEBUG] UI: Parsing JSON
04.10.2025 22:32:40 [VERBOSE] Auth: Loop iteration finished
04.10.2025 22:32:41 [FATAL] Auth: FATAL on main
java.lang.IllegalStateException
	at PrinterTests.<clinit>(PrinterTests.kt:48)
	at com.cws.printer.sandbox.MainKt$main$1.invokeSuspend(Main.kt:10)
	at kotlin.coroutines.jvm.internal.BaseContinuationImpl.resumeWith(ContinuationImpl.kt:33)
	at kotlinx.coroutines.DispatchedTask.run(DispatchedTask.kt:100)
	at kotlinx.coroutines.EventLoopImplBase.processNextEvent(EventLoop.common.kt:263)
	at kotlinx.coroutines.BlockingCoroutine.joinBlocking(Builders.kt:94)
	at kotlinx.coroutines.BuildersKt__BuildersKt.runBlocking(Builders.kt:70)
	at kotlinx.coroutines.BuildersKt.runBlocking(Unknown Source)
	at kotlinx.coroutines.BuildersKt__BuildersKt.runBlocking$default(Builders.kt:48)
	at kotlinx.coroutines.BuildersKt.runBlocking$default(Unknown Source)
	at com.cws.printer.sandbox.MainKt.main(Main.kt:9)
	at com.cws.printer.sandbox.MainKt.main(Main.kt)

04.10.2025 22:32:42 [INFO] Auth: User profile loaded
04.10.2025 22:32:43 [ERROR] Service: Null pointer exception
04.10.2025 22:32:44 [DEBUG] Service: Parsing JSON
04.10.2025 22:32:45 [FATAL] Cache: FATAL crash appeared
java.lang.IndexOutOfBoundsException
	at PrinterTests.<clinit>(PrinterTests.kt:49)
	at com.cws.printer.sandbox.MainKt$main$1.invokeSuspend(Main.kt:10)
	at kotlin.coroutines.jvm.internal.BaseContinuationImpl.resumeWith(ContinuationImpl.kt:33)
	at kotlinx.coroutines.DispatchedTask.run(DispatchedTask.kt:100)
	at kotlinx.coroutines.EventLoopImplBase.processNextEvent(EventLoop.common.kt:263)
	at kotlinx.coroutines.BlockingCoroutine.joinBlocking(Builders.kt:94)
	at kotlinx.coroutines.BuildersKt__BuildersKt.runBlocking(Builders.kt:70)
	at kotlinx.coroutines.BuildersKt.runBlocking(Unknown Source)
	at kotlinx.coroutines.BuildersKt__BuildersKt.runBlocking$default(Builders.kt:48)
	at kotlinx.coroutines.BuildersKt.runBlocking$default(Unknown Source)
	at com.cws.printer.sandbox.MainKt.main(Main.kt:9)
	at com.cws.printer.sandbox.MainKt.main(Main.kt)

04.10.2025 22:32:46 [FATAL] UI: FATAL terminating process
java.util.ConcurrentModificationException
	at PrinterTests.<clinit>(PrinterTests.kt:49)
	at com.cws.printer.sandbox.MainKt$main$1.invokeSuspend(Main.kt:10)
	at kotlin.coroutines.jvm.internal.BaseContinuationImpl.resumeWith(ContinuationImpl.kt:33)
	at kotlinx.coroutines.DispatchedTask.run(DispatchedTask.kt:100)
	at kotlinx.coroutines.EventLoopImplBase.processNextEvent(EventLoop.common.kt:263)
	at kotlinx.coroutines.BlockingCoroutine.joinBlocking(Builders.kt:94)
	at kotlinx.coroutines.BuildersKt__BuildersKt.runBlocking(Builders.kt:70)
	at kotlinx.coroutines.BuildersKt.runBlocking(Unknown Source)
	at kotlinx.coroutines.BuildersKt__BuildersKt.runBlocking$default(Builders.kt:48)
	at kotlinx.coroutines.BuildersKt.runBlocking$default(Unknown Source)
	at com.cws.printer.sandbox.MainKt.main(Main.kt:9)
	at com.cws.printer.sandbox.MainKt.main(Main.kt)

04.10.2025 22:32:47 [ERROR] Auth: Null pointer exception
04.10.2025 22:32:48 [INFO] App: Connected to database
04.10.2025 22:32:49 [DEBUG] Auth: Updating state
04.10.2025 22:32:50 [ERROR] Profiler: Unhandled exception occurred
04.10.2025 22:32:51 [INFO] Profiler: Background task finished
04.10.2025 22:32:52 [VERBOSE] Service: Loop iteration finished
04.10.2025 22:32:53 [FATAL] Network: FATAL terminating process
java.lang.IllegalStateException
	at PrinterTests.<clinit>(PrinterTests.kt:48)
	at com.cws.printer.sandbox.MainKt$main$1.invokeSuspend(Main.kt:10)
	at kotlin.coroutines.jvm.internal.BaseContinuationImpl.resumeWith(ContinuationImpl.kt:33)
	at kotlinx.coroutines.DispatchedTask.run(DispatchedTask.kt:100)
	at kotlinx.coroutines.EventLoopImplBase.processNextEvent(EventLoop.common.kt:263)
	at kotlinx.coroutines.BlockingCoroutine.joinBlocking(Builders.kt:94)
	at kotlinx.coroutines.BuildersKt__BuildersKt.runBlocking(Builders.kt:70)
	at kotlinx.coroutines.BuildersKt.runBlocking(Unknown Source)
	at kotlinx.coroutines.BuildersKt__BuildersKt.runBlocking$default(Builders.kt:48)
	at kotlinx.coroutines.BuildersKt.runBlocking$default(Unknown Source)
	at com.cws.printer.sandbox.MainKt.main(Main.kt:9)
	at com.cws.printer.sandbox.MainKt.main(Main.kt)

04.10.2025 22:32:54 [ERROR] Database: Unhandled exception occurred
04.10.2025 22:32:55 [INFO] Auth: User profile loaded
04.10.2025 22:32:56 [ERROR] App: Null pointer exception
04.10.2025 22:32:57 [INFO] Auth: Application started
04.10.2025 22:32:58 [VERBOSE] App: End profiling function X
04.10.2025 22:32:59 [WARNING] App: Response slow
04.10.2025 22:33:00 [FATAL] UI: FATAL on main
java.util.ConcurrentModificationException
	at PrinterTests.<clinit>(PrinterTests.kt:49)
	at com.cws.printer.sandbox.MainKt$main$1.invokeSuspend(Main.kt:10)
	at kotlin.coroutines.jvm.internal.BaseContinuationImpl.resumeWith(ContinuationImpl.kt:33)
	at kotlinx.coroutines.DispatchedTask.run(DispatchedTask.kt:100)
	at kotlinx.coroutines.EventLoopImplBase.processNextEvent(EventLoop.common.kt:263)
	at kotlinx.coroutines.BlockingCoroutine.joinBlocking(Builders.kt:94)
	at kotlinx.coroutines.BuildersKt__BuildersKt.runBlocking(Builders.kt:70)
	at kotlinx.coroutines.BuildersKt.runBlocking(Unknown Source)
	at kotlinx.coroutines.BuildersKt__BuildersKt.runBlocking$default(Builders.kt:48)
	at kotlinx.coroutines.BuildersKt.runBlocking$default(Unknown Source)
	at com.cws.printer.sandbox.MainKt.main(Main.kt:9)
	at com.cws.printer.sandbox.MainKt.main(Main.kt)

04.10.2025 22:33:01 [WARNING] Profiler: Low memory warning
04.10.2025 22:33:02 [FATAL] Service: FATAL on main
java.lang.IllegalStateException
	at PrinterTests.<clinit>(PrinterTests.kt:48)
	at com.cws.printer.sandbox.MainKt$main$1.invokeSuspend(Main.kt:10)
	at kotlin.coroutines.jvm.internal.BaseContinuationImpl.resumeWith(ContinuationImpl.kt:33)
	at kotlinx.coroutines.DispatchedTask.run(DispatchedTask.kt:100)
	at kotlinx.coroutines.EventLoopImplBase.processNextEvent(EventLoop.common.kt:263)
	at kotlinx.coroutines.BlockingCoroutine.joinBlocking(Builders.kt:94)
	at kotlinx.coroutines.BuildersKt__BuildersKt.runBlocking(Builders.kt:70)
	at kotlinx.coroutines.BuildersKt.runBlocking(Unknown Source)
	at kotlinx.coroutines.BuildersKt__BuildersKt.runBlocking$default(Builders.kt:48)
	at kotlinx.coroutines.BuildersKt.runBlocking$default(Unknown Source)
	at com.cws.printer.sandbox.MainKt.main(Main.kt:9)
	at com.cws.printer.sandbox.MainKt.main(Main.kt)

04.10.2025 22:33:03 [WARNING] UI: Deprecated API usage
04.10.2025 22:33:04 [FATAL] Auth: FATAL crash appeared
java.lang.IllegalStateException
	at PrinterTests.<clinit>(PrinterTests.kt:48)
	at com.cws.printer.sandbox.MainKt$main$1.invokeSuspend(Main.kt:10)
	at kotlin.coroutines.jvm.internal.BaseContinuationImpl.resumeWith(ContinuationImpl.kt:33)
	at kotlinx.coroutines.DispatchedTask.run(DispatchedTask.kt:100)
	at kotlinx.coroutines.EventLoopImplBase.processNextEvent(EventLoop.common.kt:263)
	at kotlinx.coroutines.BlockingCoroutine.joinBlocking(Builders.kt:94)
	at kotlinx.coroutines.BuildersKt__BuildersKt.runBlocking(Builders.kt:70)
	at kotlinx.coroutines.BuildersKt.runBlocking(Unknown Source)
	at kotlinx.coroutines.BuildersKt__BuildersKt.runBlocking$default(Builders.kt:48)
	at kotlinx.coroutines.BuildersKt.runBlocking$default(Unknown Source)
	at com.cws.printer.sandbox.MainKt.main(Main.kt:9)
	at com.cws.printer.sandbox.MainKt.main(Main.kt)

04.10.2025 22:33:05 [WARNING] UI: Deprecated API usage
04.10.2025 22:33:06 [ERROR] UI: Database connection failed
04.10.2025 22:33:07 [FATAL] App: FATAL terminating process
java.lang.IllegalStateException
	at PrinterTests.<clinit>(PrinterTests.kt:48)
	at com.cws.printer.sandbox.MainKt$main$1.invokeSuspend(Main.kt:10)
	at kotlin.coroutines.jvm.internal.BaseContinuationImpl.resumeWith(ContinuationImpl.kt:33)
	at kotlinx.coroutines.DispatchedTask.run(DispatchedTask.kt:100)
	at kotlinx.coroutines.EventLoopImplBase.processNextEvent(EventLoop.common.kt:263)
	at kotlinx.coroutines.BlockingCoroutine.joinBlocking(Builders.kt:94)
	at kotlinx.coroutines.BuildersKt__BuildersKt.runBlocking(Builders.kt:70)
	at kotlinx.coroutines.BuildersKt.runBlocking(Unknown Source)
	at kotlinx.coroutines.BuildersKt__BuildersKt.runBlocking$default(Builders.kt:48)
	at kotlinx.coroutines.BuildersKt.runBlocking$default(Unknown Source)
	at com.cws.printer.sandbox.MainKt.main(Main.kt:9)
	at com.cws.printer.sandbox.MainKt.main(Main.kt)

04.10.2025 22:33:08 [ERROR] Profiler: Network unreachable
04.10.2025 22:33:09 [DEBUG] UI: Request headers: {Authorization=...}
04.10.2025 22:33:10 [WARNING] Network: Cache miss
04.10.2025 22:33:11 [WARNING] App: Low memory warning
04.10.2025 22:33:12 [DEBUG] Profiler: Coroutine started
04.10.2025 22:33:13 [INFO] UI: Application started
04.10.2025 22:33:14 [VERBOSE] Network: Start profiling function X
